<?xml version="1.0" encoding="UTF-8"?>
<testng-results skipped="0" failed="0" total="1" passed="1">
  <reporter-output>
  </reporter-output>
  <suite name="Default suite" duration-ms="315" started-at="2017-07-05T23:48:31Z" finished-at="2017-07-05T23:48:31Z">
    <groups>
    </groups>
    <test name="Default test" duration-ms="315" started-at="2017-07-05T23:48:31Z" finished-at="2017-07-05T23:48:31Z">
      <class name="apiTesting.JacsonAPITest">
        <test-method status="PASS" signature="test_01()[pri:0, instance:apiTesting.JacsonAPITest@c818063]" name="test_01" duration-ms="293" started-at="2017-07-05T16:48:31Z" finished-at="2017-07-05T16:48:31Z">
          <reporter-output>
          </reporter-output>
        </test-method> <!-- test_01 -->
      </class> <!-- apiTesting.JacsonAPITest -->
    </test> <!-- Default test -->
  </suite> <!-- Default suite -->
</testng-results>
